IQ-TREE multicore version 2.4.0 for Linux x86 64-bit built Feb 12 2025
Developed by Bui Quang Minh, Nguyen Lam Tung, Olga Chernomor, Heiko Schmidt,
Dominik Schrempf, Michael Woodhams, Ly Trong Nhan, Thomas Wong

Host:    DT-ASUS (AVX2, FMA3, 125 GB RAM)
Command: iqtree2 -redo --quiet -s output/rHEV_genomes_12-31-24_updated.fasta -g reference_tree.tree -pre output/rHEV_genomes_12-31-24_updated.fasta_pp -m GTR+F+G4
Seed:    987723 (Using SPRNG - Scalable Parallel Random Number Generator)
Time:    Mon Mar  3 11:06:45 2025
Kernel:  AVX+FMA - 1 threads (24 CPU cores detected)

HINT: Use -nt option to specify number of threads because your CPU has 24 cores!
HINT: -nt AUTO will automatically determine the best number of threads to use.

Reading alignment file output/rHEV_genomes_12-31-24_updated.fasta ... Fasta format detected
Reading fasta file: done in 0.00216188 secs using 99.96% CPU
Alignment most likely contains DNA/RNA sequences
WARNING: 3 sites contain only gaps or ambiguous characters.
Alignment has 55 sequences with 6912 columns, 3128 distinct patterns
2849 parsimony-informative, 363 singleton sites, 3700 constant sites
                                                    Gap/Ambiguity  Composition  p-value
Analyzing sequences: done in 0.000191007 secs using 100% CPU
   1  PQ488551                                              1.72%    passed     70.68%
   2  PQ488552                                              1.46%    passed     72.68%
   3  PQ488553                                              1.35%    passed     69.93%
   4  PQ488555                                              2.86%    passed     58.19%
   5  PQ488556                                              1.35%    passed     79.27%
   6  PQ488558                                              1.43%    passed     61.03%
   7  PQ488559                                              1.20%    passed     74.21%
   8  PQ488560                                              1.35%    passed     74.92%
   9  AB847305.1                                            0.80%    passed     99.35%
  10  AB847306.1                                            0.84%    passed     30.08%
  11  AB847307.1                                            1.35%    passed     93.63%
  12  AB847308.1                                            1.13%    passed     93.47%
  13  AB847309.1                                            1.01%    passed     35.35%
  14  GU345043.1                                            1.04%    passed     89.61%
  15  JN167537.1                                            1.14%    passed     48.27%
  16  JN167538.1                                            1.13%    passed     75.52%
  17  JX120573.1                                            1.35%    passed     77.05%
  18  KM516906.1                                            1.13%    passed     74.15%
  19  LC145325.1                                            0.97%    passed     98.81%
  20  LC225388.1                                            0.81%    passed     93.74%
  21  LC225389.1                                            0.78%    passed     90.86%
  22  LC549184.1                                            0.74%    passed     97.42%
  23  LC549185.1                                            1.36%    passed     96.09%
  24  LC549186.1                                            0.87%    passed     89.74%
  25  LC549187.1                                            0.87%    passed     87.95%
  26  LC573546.1                                            0.58%    passed     96.57%
  27  MG600417.1                                            0.87%    passed     95.87%
  28  MG813927.1                                            1.30%    passed     82.22%
  29  MH729811.1                                            2.21%    passed     54.77%
  30  MH729812.1                                            2.08%    passed     84.15%
  31  MK050105.1                                            1.04%    passed     67.82%
  32  MN450851.1                                            1.30%    passed     79.64%
  33  MN450852.1                                            1.35%    passed     79.02%
  34  MN450853.1                                            0.71%    passed     95.45%
  35  MN450854.1                                            1.35%    passed     69.59%
  36  MN450855.1                                            1.30%    passed     84.43%
  37  MT210621.1                                            1.36%    passed     97.63%
  38  MW795566.1                                            1.19%    passed     18.05%
  39  MW795567.1                                            1.17%    passed     22.09%
  40  MZ357113.1                                            1.04%    passed     41.32%
  41  MZ542728.1                                            0.69%    passed     95.64%
  42  MZ868954.1                                            0.69%    passed     93.03%
  43  NC_038504.1                                           1.04%    passed     76.94%
  44  OM037395.1                                            4.51%    passed     67.64%
  45  OM037396.1                                            4.48%    passed     68.96%
  46  ON644869.1                                            2.08%    passed     86.20%
  47  ON887282.1                                            2.69%    passed     16.70%
  48  ON887283.1                                            2.69%    passed     96.10%
  49  OP947206.1                                            1.13%    passed     89.26%
  50  OP947207.1                                            1.13%    passed     96.44%
  51  OP947209.1                                            1.13%    passed     99.06%
  52  OP947210.1                                            4.08%    passed     89.41%
  53  OP947211.1                                            0.78%    passed     94.83%
  54  OQ067397.1                                            0.65%    passed     91.84%
  55  Rocahepevirus-ratti-strain-WTSRN-CPOS-liver-sample    1.13%    passed     64.19%
****  TOTAL                                                 1.41%  0 sequences failed composition chi2 test (p-value<5%; df=3)
Reading constraint tree reference_tree.tree...
Creating fast initial parsimony tree by random order stepwise addition...
0.002 seconds, parsimony score: 22652 (based on 3212 sites)

NOTE: 22 MB RAM (0 GB) is required!
Estimate model parameters (epsilon = 0.100)
1. Initial log-likelihood: -112377.657
2. Current log-likelihood: -96586.140
3. Current log-likelihood: -96104.327
4. Current log-likelihood: -96083.052
5. Current log-likelihood: -96081.715
6. Current log-likelihood: -96081.548
Optimal log-likelihood: -96081.520
Rate parameters:  A-C: 1.89729  A-G: 13.19610  A-T: 2.59095  C-G: 0.92974  C-T: 22.87550  G-T: 1.00000
Base frequencies:  A: 0.192  C: 0.285  G: 0.290  T: 0.233
Gamma shape alpha: 0.207
Parameters optimization took 6 rounds (1.110 sec)
Wrote distance file to... 
--------------------------------------------------------------------
|             INITIALIZING CANDIDATE TREE SET                      |
--------------------------------------------------------------------
Generating 99 parsimony trees... 0.332 second
Computing log-likelihood of 7 initial trees ... 0.124 seconds
Current best score: -96081.520

Do NNI search on 8 best initial trees
Finish initializing candidate tree set (10)
Current best tree score: -96081.520 / CPU time: 0.656
Number of iterations: 8
--------------------------------------------------------------------
|               OPTIMIZING CANDIDATE TREE SET                      |
--------------------------------------------------------------------
Iteration 10 / LogL: -96081.782 / Time: 0h:0m:1s
Iteration 20 / LogL: -96081.531 / Time: 0h:0m:1s
UPDATE BEST LOG-LIKELIHOOD: -96081.520
Iteration 30 / LogL: -96081.520 / Time: 0h:0m:2s (0h:0m:4s left)
Iteration 40 / LogL: -96081.520 / Time: 0h:0m:2s (0h:0m:3s left)
Iteration 50 / LogL: -96081.520 / Time: 0h:0m:2s (0h:0m:2s left)
Iteration 60 / LogL: -96081.520 / Time: 0h:0m:2s (0h:0m:1s left)
UPDATE BEST LOG-LIKELIHOOD: -96081.520
Iteration 70 / LogL: -96081.543 / Time: 0h:0m:2s (0h:0m:1s left)
Iteration 80 / LogL: -96081.520 / Time: 0h:0m:2s (0h:0m:0s left)
UPDATE BEST LOG-LIKELIHOOD: -96081.520
UPDATE BEST LOG-LIKELIHOOD: -96081.520
UPDATE BEST LOG-LIKELIHOOD: -96081.520
Iteration 90 / LogL: -96081.520 / Time: 0h:0m:2s (0h:0m:0s left)
Iteration 100 / LogL: -96081.520 / Time: 0h:0m:2s (0h:0m:0s left)
TREE SEARCH COMPLETED AFTER 101 ITERATIONS / Time: 0h:0m:2s

--------------------------------------------------------------------
|                    FINALIZING TREE SEARCH                        |
--------------------------------------------------------------------
Performs final model parameters optimization
Estimate model parameters (epsilon = 0.010)
1. Initial log-likelihood: -96081.520
Optimal log-likelihood: -96081.517
Rate parameters:  A-C: 1.89221  A-G: 13.19890  A-T: 2.58669  C-G: 0.93081  C-T: 22.87849  G-T: 1.00000
Base frequencies:  A: 0.192  C: 0.285  G: 0.290  T: 0.233
Gamma shape alpha: 0.207
Parameters optimization took 1 rounds (0.074 sec)
BEST SCORE FOUND : -96081.517
Total tree length: 4.912

Total number of iterations: 101
CPU time used for tree search: 1.551 sec (0h:0m:1s)
Wall-clock time used for tree search: 1.595 sec (0h:0m:1s)
Total CPU time used: 2.736 sec (0h:0m:2s)
Total wall-clock time used: 2.788 sec (0h:0m:2s)

Analysis results written to: 
  IQ-TREE report:                output/rHEV_genomes_12-31-24_updated.fasta_pp.iqtree
  Maximum-likelihood tree:       output/rHEV_genomes_12-31-24_updated.fasta_pp.treefile
  Screen log file:               output/rHEV_genomes_12-31-24_updated.fasta_pp.log

Date and Time: Mon Mar  3 11:06:48 2025
