IQ-TREE multicore version 2.4.0 for Linux x86 64-bit built Feb 12 2025
Developed by Bui Quang Minh, Nguyen Lam Tung, Olga Chernomor, Heiko Schmidt,
Dominik Schrempf, Michael Woodhams, Ly Trong Nhan, Thomas Wong

Host:    DT-ASUS (AVX2, FMA3, 125 GB RAM)
Command: iqtree2 -seed 2803 -nt 20 -redo --quiet -s output/AB847305.1_updated.fasta -t output/AB847305.1_updated.fasta_pp.treefile -pre output/AB847305.1_reoptimised -m GTR+F+G4
Seed:    2803 (Using SPRNG - Scalable Parallel Random Number Generator)
Time:    Mon Mar  3 15:39:31 2025
Kernel:  AVX+FMA - 20 threads (24 CPU cores detected)

Reading alignment file output/AB847305.1_updated.fasta ... Fasta format detected
Reading fasta file: done in 0.00234492 secs using 96.89% CPU
NOTE: Change sequence name 'AB847305.1 Orthohepevirus A DNA, complete genome, isolate: ratIDE079F' -> AB847305.1_Orthohepevirus
Alignment most likely contains DNA/RNA sequences
WARNING: 3 sites contain only gaps or ambiguous characters.
Alignment has 55 sequences with 6912 columns, 3125 distinct patterns
2853 parsimony-informative, 358 singleton sites, 3701 constant sites
                           Gap/Ambiguity  Composition  p-value
Analyzing sequences: done in 9.21431e-05 secs using 360.3% CPU
   1  PQ488551                     1.72%    passed     71.85%
   2  PQ488552                     1.46%    passed     73.94%
   3  PQ488553                     1.35%    passed     71.23%
   4  PQ488555                     2.86%    passed     59.47%
   5  PQ488556                     1.35%    passed     80.34%
   6  PQ488558                     1.43%    passed     62.32%
   7  PQ488559                     1.20%    passed     73.10%
   8  PQ488560                     1.35%    passed     76.15%
   9  AB847305.1                   0.80%    passed     99.38%
  10  AB847306.1                   0.84%    passed     30.84%
  11  AB847307.1                   1.35%    passed     93.47%
  12  AB847308.1                   1.13%    passed     92.91%
  13  AB847309.1                   1.01%    passed     36.11%
  14  GU345043.1                   1.04%    passed     88.87%
  15  JN167537.1                   1.14%    passed     47.81%
  16  JN167538.1                   1.13%    passed     74.41%
  17  JX120573.1                   1.35%    passed     78.16%
  18  KM516906.1                   1.13%    passed     73.21%
  19  LC145325.1                   0.97%    passed     98.62%
  20  LC225388.1                   0.81%    passed     93.24%
  21  LC225389.1                   0.78%    passed     90.71%
  22  LC549184.1                   0.74%    passed     97.46%
  23  LC549185.1                   1.36%    passed     96.34%
  24  LC549186.1                   0.87%    passed     89.49%
  25  LC549187.1                   0.87%    passed     87.81%
  26  LC573546.1                   0.58%    passed     96.85%
  27  MG600417.1                   0.87%    passed     96.16%
  28  MG813927.1                   1.30%    passed     83.09%
  29  MH729811.1                   2.21%    passed     53.44%
  30  MH729812.1                   2.08%    passed     84.74%
  31  MK050105.1                   1.04%    passed     67.16%
  32  MN450851.1                   1.30%    passed     80.50%
  33  MN450852.1                   1.35%    passed     80.15%
  34  MN450853.1                   0.71%    passed     95.61%
  35  MN450854.1                   1.35%    passed     70.88%
  36  MN450855.1                   1.30%    passed     85.26%
  37  MT210621.1                   1.36%    passed     97.88%
  38  MW795566.1                   1.19%    passed     17.40%
  39  MW795567.1                   1.17%    passed     21.33%
  40  MZ357113.1                   1.04%    passed     41.04%
  41  MZ542728.1                   0.69%    passed     95.68%
  42  MZ868954.1                   0.69%    passed     93.58%
  43  NC_038504.1                  1.04%    passed     75.78%
  44  OM037395.1                   4.51%    passed     66.45%
  45  OM037396.1                   4.48%    passed     67.78%
  46  ON644869.1                   2.08%    passed     85.40%
  47  ON887282.1                   2.69%    passed     16.71%
  48  ON887283.1                   2.69%    passed     95.85%
  49  OP947206.1                   1.13%    passed     88.99%
  50  OP947207.1                   1.13%    passed     96.22%
  51  OP947209.1                   1.13%    passed     98.97%
  52  OP947210.1                   4.08%    passed     89.95%
  53  OP947211.1                   0.78%    passed     94.25%
  54  OQ067397.1                   0.65%    passed     91.32%
  55  AB847305.1_Orthohepevirus    0.80%    passed     99.38%
****  TOTAL                        1.41%  0 sequences failed composition chi2 test (p-value<5%; df=3)
NOTE: AB847305.1_Orthohepevirus is identical to AB847305.1 but kept for subsequent analysis
Reading input tree file output/AB847305.1_updated.fasta_pp.treefile ...

NOTE: 22 MB RAM (0 GB) is required!
Estimate model parameters (epsilon = 0.100)
1. Initial log-likelihood: -110684.836
2. Current log-likelihood: -95312.644
3. Current log-likelihood: -94809.946
4. Current log-likelihood: -94790.237
5. Current log-likelihood: -94788.779
6. Current log-likelihood: -94788.588
Optimal log-likelihood: -94788.571
Rate parameters:  A-C: 1.90887  A-G: 13.18391  A-T: 2.56539  C-G: 0.92685  C-T: 22.52146  G-T: 1.00000
Base frequencies:  A: 0.192  C: 0.285  G: 0.290  T: 0.233
Gamma shape alpha: 0.207
Parameters optimization took 6 rounds (0.238 sec)
Wrote distance file to... 

Do NNI search on 1 best initial trees
Finish initializing candidate tree set (1)
Current best tree score: -94788.571 / CPU time: 0.054
Number of iterations: 1
--------------------------------------------------------------------
|               OPTIMIZING CANDIDATE TREE SET                      |
--------------------------------------------------------------------
Estimate model parameters (epsilon = 0.100)
BETTER TREE FOUND at iteration 8: -94787.604
Iteration 10 / LogL: -94787.712 / Time: 0h:0m:4s
Iteration 20 / LogL: -94820.786 / Time: 0h:0m:10s
Iteration 30 / LogL: -94790.821 / Time: 0h:0m:16s (0h:0m:44s left)
Iteration 40 / LogL: -94788.598 / Time: 0h:0m:23s (0h:0m:40s left)
Iteration 50 / LogL: -94787.659 / Time: 0h:0m:29s (0h:0m:34s left)
Iteration 60 / LogL: -94789.008 / Time: 0h:0m:37s (0h:0m:30s left)
Iteration 70 / LogL: -94787.825 / Time: 0h:0m:43s (0h:0m:23s left)
Iteration 80 / LogL: -94802.159 / Time: 0h:0m:50s (0h:0m:18s left)
Iteration 90 / LogL: -94788.684 / Time: 0h:0m:58s (0h:0m:11s left)
Iteration 100 / LogL: -94787.609 / Time: 0h:1m:4s (0h:0m:5s left)
TREE SEARCH COMPLETED AFTER 109 ITERATIONS / Time: 0h:1m:9s

--------------------------------------------------------------------
|                    FINALIZING TREE SEARCH                        |
--------------------------------------------------------------------
Performs final model parameters optimization
Estimate model parameters (epsilon = 0.010)
1. Initial log-likelihood: -94787.604
Optimal log-likelihood: -94787.603
Rate parameters:  A-C: 1.90661  A-G: 13.18479  A-T: 2.55840  C-G: 0.93108  C-T: 22.52471  G-T: 1.00000
Base frequencies:  A: 0.192  C: 0.285  G: 0.290  T: 0.233
Gamma shape alpha: 0.206
Parameters optimization took 1 rounds (0.017 sec)
BEST SCORE FOUND : -94787.603
Total tree length: 4.838

Total number of iterations: 109
CPU time used for tree search: 371.789 sec (0h:6m:11s)
Wall-clock time used for tree search: 69.055 sec (0h:1m:9s)
Total CPU time used: 374.573 sec (0h:6m:14s)
Total wall-clock time used: 69.316 sec (0h:1m:9s)

Analysis results written to: 
  IQ-TREE report:                output/AB847305.1_reoptimised.iqtree
  Maximum-likelihood tree:       output/AB847305.1_reoptimised.treefile
  Screen log file:               output/AB847305.1_reoptimised.log

Date and Time: Mon Mar  3 15:40:41 2025
